<?xml version="1.0" encoding="UTF-8"?>
<!-- Generated by org.testng.reporters.JUnitReportReporter -->
<testsuite skipped="0" hostname="LAPTOP-NETDM4DM" name="com.OHRMtestscripts.HomepageTest" tests="2" failures="0" timestamp="2019-10-17T19:44:53 IST" time="18.480" errors="0">
  <testcase name="f" time="18.472" classname="com.OHRMtestscripts.HomepageTest"/>
  <testcase name="verifyHomepageTitleTest" time="0.008" classname="com.OHRMtestscripts.HomepageTest"/>
</testsuite> <!-- com.OHRMtestscripts.HomepageTest -->
