<?xml version="1.0" encoding="UTF-8"?>
<!-- Generated by org.testng.reporters.JUnitReportReporter -->
<testsuite skipped="0" hostname="LAPTOP-NETDM4DM" name="com.OHRMtestscripts.loginpageTest" tests="2" failures="0" timestamp="2019-10-17T19:45:29 IST" time="1.692" errors="0">
  <testcase name="loginpageTitleTest" time="0.012" classname="com.OHRMtestscripts.loginpageTest"/>
  <testcase name="logintest" time="1.680" classname="com.OHRMtestscripts.loginpageTest"/>
</testsuite> <!-- com.OHRMtestscripts.loginpageTest -->
